<?xml version="1.0" encoding="UTF-8"?>
<testng-results ignored="0" total="2" passed="2" failed="0" skipped="0">
  <reporter-output>
  </reporter-output>
  <suite started-at="2021-12-24T20:45:32 IST" name="Default suite" finished-at="2021-12-24T20:48:46 IST" duration-ms="194080">
    <groups>
    </groups>
    <test started-at="2021-12-24T20:45:32 IST" name="Default test" finished-at="2021-12-24T20:48:46 IST" duration-ms="194080">
      <class name="loginTest.LoginPageTest">
        <test-method is-config="true" signature="openBrowser()[pri:0, instance:loginTest.LoginPageTest@4659191b]" started-at="2021-12-24T20:45:32 IST" name="openBrowser" finished-at="2021-12-24T20:47:23 IST" duration-ms="110910" status="PASS">
          <reporter-output>
          </reporter-output>
        </test-method> <!-- openBrowser -->
        <test-method signature="testCase2()[pri:-1, instance:loginTest.LoginPageTest@4659191b]" started-at="2021-12-24T20:47:23 IST" name="testCase2" finished-at="2021-12-24T20:47:31 IST" duration-ms="7871" status="PASS">
          <reporter-output>
          </reporter-output>
        </test-method> <!-- testCase2 -->
        <test-method is-config="true" signature="ScreenShot(org.testng.ITestResult)[pri:0, instance:loginTest.LoginPageTest@4659191b]" started-at="2021-12-24T20:47:31 IST" name="ScreenShot" finished-at="2021-12-24T20:47:34 IST" duration-ms="2104" status="PASS">
          <params>
            <param index="0">
              <value>
                <![CDATA[[TestResult name=testCase2 status=SUCCESS method=LoginPageTest.testCase2()[pri:-1, instance:loginTest.LoginPageTest@4659191b] output={null}]]]>
              </value>
            </param>
          </params>
          <reporter-output>
          </reporter-output>
        </test-method> <!-- ScreenShot -->
        <test-method signature="testCase1()[pri:1, instance:loginTest.LoginPageTest@4659191b]" started-at="2021-12-24T20:47:34 IST" name="testCase1" finished-at="2021-12-24T20:48:37 IST" duration-ms="63296" status="PASS">
          <reporter-output>
          </reporter-output>
        </test-method> <!-- testCase1 -->
        <test-method is-config="true" signature="ScreenShot(org.testng.ITestResult)[pri:0, instance:loginTest.LoginPageTest@4659191b]" started-at="2021-12-24T20:48:37 IST" name="ScreenShot" finished-at="2021-12-24T20:48:38 IST" duration-ms="676" status="PASS">
          <params>
            <param index="0">
              <value>
                <![CDATA[[TestResult name=testCase1 status=SUCCESS method=LoginPageTest.testCase1()[pri:1, instance:loginTest.LoginPageTest@4659191b] output={null}]]]>
              </value>
            </param>
          </params>
          <reporter-output>
          </reporter-output>
        </test-method> <!-- ScreenShot -->
        <test-method is-config="true" signature="tearDown()[pri:0, instance:loginTest.LoginPageTest@4659191b]" started-at="2021-12-24T20:48:38 IST" name="tearDown" finished-at="2021-12-24T20:48:46 IST" duration-ms="8672" status="PASS">
          <reporter-output>
          </reporter-output>
        </test-method> <!-- tearDown -->
      </class> <!-- loginTest.LoginPageTest -->
    </test> <!-- Default test -->
  </suite> <!-- Default suite -->
</testng-results>
